Using pre-set license
Built from '2020.3/staging' branch; Version is '2020.3.0f1 (c7b5465681fb) revision 13088070'; Using compiler version '192528614'; Build Type 'Release'
OS: 'Windows 10 Pro; OS build 19042.867; Version 2009; 64bit' Language: 'ja' Physical Memory: 16227 MB
BatchMode: 1, IsHumanControllingUs: 0, StartBugReporterOnCrash: 0, Is64bit: 1, IsPro: 0

 COMMAND LINE ARGUMENTS:
C:\Program Files\Unity\Hub\Editor\2020.3.0f1\Editor\Unity.exe
-adb2
-batchMode
-noUpm
-name
AssetImportWorker0
-projectPath
C:/Users/81909/Documents/LOOP
-logFile
Logs/AssetImportWorker0.log
-srvPort
54612
Successfully changed project path to: C:/Users/81909/Documents/LOOP
C:/Users/81909/Documents/LOOP
Using Asset Import Pipeline V2.
Refreshing native plugins compatible for Editor in 73.13 ms, found 0 plugins.
Preloading 0 native plugins for Editor in 0.00 ms.
Initialize engine version: 2020.3.0f1 (c7b5465681fb)
[Subsystems] Discovering subsystems at path C:/Program Files/Unity/Hub/Editor/2020.3.0f1/Editor/Data/Resources/UnitySubsystems
[Subsystems] Discovering subsystems at path C:/Users/81909/Documents/LOOP/Assets
GfxDevice: creating device client; threaded=0
Direct3D:
    Version:  Direct3D 11.0 [level 11.1]
    Renderer: NVIDIA GeForce GTX 1650 with Max-Q Design (ID=0x1f99)
    Vendor:   
    VRAM:     3962 MB
    Driver:   26.21.14.4223
Initialize mono
Mono path[0] = 'C:/Program Files/Unity/Hub/Editor/2020.3.0f1/Editor/Data/Managed'
Mono path[1] = 'C:/Program Files/Unity/Hub/Editor/2020.3.0f1/Editor/Data/MonoBleedingEdge/lib/mono/unityjit'
Mono config path = 'C:/Program Files/Unity/Hub/Editor/2020.3.0f1/Editor/Data/MonoBleedingEdge/etc'
Using monoOptions --debugger-agent=transport=dt_socket,embedding=1,server=y,suspend=n,address=127.0.0.1:56688
Begin MonoManager ReloadAssembly
Registering precompiled unity dll's ...
Register platform support module: C:/Program Files/Unity/Hub/Editor/2020.3.0f1/Editor/Data/PlaybackEngines/WindowsStandaloneSupport/UnityEditor.WindowsStandalone.Extensions.dll
Registered in 0.005173 seconds.
Native extension for WindowsStandalone target not found
Refreshing native plugins compatible for Editor in 71.97 ms, found 0 plugins.
Preloading 0 native plugins for Editor in 0.00 ms.
Invoked RoslynAnalysisRunner static constructor.
RoslynAnalysisRunner will not be running.
RoslynAnalysisRunner has terminated.
Mono: successfully reloaded assembly
- Completed reload, in  3.320 seconds
Platform modules already initialized, skipping
Registering precompiled user dll's ...
Registered in 0.003921 seconds.
Begin MonoManager ReloadAssembly
Native extension for WindowsStandalone target not found
Refreshing native plugins compatible for Editor in 0.81 ms, found 0 plugins.
Preloading 0 native plugins for Editor in 0.00 ms.
Invoked RoslynAnalysisRunner static constructor.
RoslynAnalysisRunner will not be running.
RoslynAnalysisRunner has terminated.
Mono: successfully reloaded assembly
- Completed reload, in  1.589 seconds
Platform modules already initialized, skipping
========================================================================
Worker process is ready to serve import requests
Launched and connected shader compiler UnityShaderCompiler.exe after 0.07 seconds
Refreshing native plugins compatible for Editor in 0.52 ms, found 0 plugins.
Preloading 0 native plugins for Editor in 0.00 ms.
Unloading 1787 Unused Serialized files (Serialized files now loaded: 0)
System memory in use before: 80.7 MB.
System memory in use after: 78.8 MB.

Unloading 118 unused Assets to reduce memory usage. Loaded Objects now: 2188.
Total: 5.359800 ms (FindLiveObjects: 0.291000 ms CreateObjectMapping: 0.111400 ms MarkObjects: 3.063200 ms  DeleteObjects: 1.892900 ms)

========================================================================
Received Import Request.
  path: Assets/New Material 1.mat
  artifactKey: Guid(2222d1824438b6d49a41af179638f9c9) Importer(815301076,1909f56bfc062723c751e8b465ee728b)
Start importing Assets/New Material 1.mat using Guid(2222d1824438b6d49a41af179638f9c9) Importer(815301076,1909f56bfc062723c751e8b465ee728b)  -> (artifact id: '2dfc8f9063a87b6ccfad285f750279e4') in 0.908388 seconds
  Import took 0.914747 seconds .

========================================================================
Received Import Request.
  Time since last request: 0.000344 seconds.
  path: Assets/New Material 3.mat
  artifactKey: Guid(548954eeba4398849aae9970f5c24439) Importer(815301076,1909f56bfc062723c751e8b465ee728b)
Start importing Assets/New Material 3.mat using Guid(548954eeba4398849aae9970f5c24439) Importer(815301076,1909f56bfc062723c751e8b465ee728b)  -> (artifact id: 'b91132f0a52aaad4c3f32b501d83b178') in 0.037708 seconds
  Import took 0.045081 seconds .

========================================================================
Received Import Request.
  Time since last request: 0.001642 seconds.
  path: Assets/Laser.prefab
  artifactKey: Guid(fffb4d4067015fc43ad9a31664bca375) Importer(815301076,1909f56bfc062723c751e8b465ee728b)
Start importing Assets/Laser.prefab using Guid(fffb4d4067015fc43ad9a31664bca375) Importer(815301076,1909f56bfc062723c751e8b465ee728b)  -> (artifact id: 'edd8a4c34969948816997b8934ed992f') in 0.036880 seconds
  Import took 0.042834 seconds .

========================================================================
Received Import Request.
  Time since last request: 0.000354 seconds.
  path: Assets/レーザーテクスチャ.png
  artifactKey: Guid(cf6e444db73defb4fbcba84b12a0816f) Importer(815301076,1909f56bfc062723c751e8b465ee728b)
Start importing Assets/レーザーテクスチャ.png using Guid(cf6e444db73defb4fbcba84b12a0816f) Importer(815301076,1909f56bfc062723c751e8b465ee728b)  -> (artifact id: '051bb385e1554ba93080fc000b6e2b99') in 0.156248 seconds
  Import took 0.161368 seconds .

========================================================================
Received Import Request.
  Time since last request: 0.000507 seconds.
  path: Assets/New Material 2.mat
  artifactKey: Guid(d8f83ed4066251a41adad5de95845438) Importer(815301076,1909f56bfc062723c751e8b465ee728b)
Start importing Assets/New Material 2.mat using Guid(d8f83ed4066251a41adad5de95845438) Importer(815301076,1909f56bfc062723c751e8b465ee728b)  -> (artifact id: 'a33ab8c159682742721a2785228a4544') in 0.029964 seconds
  Import took 0.035648 seconds .

========================================================================
Received Import Request.
  Time since last request: 0.000426 seconds.
  path: Assets/New Material 5.mat
  artifactKey: Guid(878cc1e5c6f9fe445b6ccf76d816d923) Importer(815301076,1909f56bfc062723c751e8b465ee728b)
Start importing Assets/New Material 5.mat using Guid(878cc1e5c6f9fe445b6ccf76d816d923) Importer(815301076,1909f56bfc062723c751e8b465ee728b)  -> (artifact id: 'c7f0a02cec13d2edc68cd091361cffe1') in 0.180915 seconds
  Import took 0.186432 seconds .

========================================================================
Received Import Request.
  Time since last request: 0.000506 seconds.
  path: Assets/New Material 4.mat
  artifactKey: Guid(37df84a13a8de794aaac8573fa99d587) Importer(815301076,1909f56bfc062723c751e8b465ee728b)
Start importing Assets/New Material 4.mat using Guid(37df84a13a8de794aaac8573fa99d587) Importer(815301076,1909f56bfc062723c751e8b465ee728b)  -> (artifact id: '81bab977be1ae46226b884827a74d34a') in 0.027113 seconds
  Import took 0.031305 seconds .

========================================================================
Received Import Request.
  Time since last request: 0.000459 seconds.
  path: Assets/New Material.mat
  artifactKey: Guid(865fac6a7b552224a8bbd205728cb210) Importer(815301076,1909f56bfc062723c751e8b465ee728b)
Start importing Assets/New Material.mat using Guid(865fac6a7b552224a8bbd205728cb210) Importer(815301076,1909f56bfc062723c751e8b465ee728b)  -> (artifact id: '6d76f78b66e0d842c50399b47d329948') in 0.026442 seconds
  Import took 0.031942 seconds .

========================================================================
Received Import Request.
  Time since last request: 0.000430 seconds.
  path: Assets/New Terrain.asset
  artifactKey: Guid(8894fd1094e499f4a89160ecdca5b26a) Importer(815301076,1909f56bfc062723c751e8b465ee728b)
Start importing Assets/New Terrain.asset using Guid(8894fd1094e499f4a89160ecdca5b26a) Importer(815301076,1909f56bfc062723c751e8b465ee728b)  -> (artifact id: 'a80d2157a129fcc36346969a22f20aad') in 0.031577 seconds
  Import took 0.035861 seconds .

========================================================================
Received Prepare
Registering precompiled user dll's ...
Registered in 0.002790 seconds.
Begin MonoManager ReloadAssembly
Native extension for WindowsStandalone target not found
Refreshing native plugins compatible for Editor in 0.54 ms, found 0 plugins.
Preloading 0 native plugins for Editor in 0.00 ms.
Invoked RoslynAnalysisRunner static constructor.
RoslynAnalysisRunner will not be running.
RoslynAnalysisRunner has terminated.
Mono: successfully reloaded assembly
- Completed reload, in  2.127 seconds
Platform modules already initialized, skipping
Refreshing native plugins compatible for Editor in 0.98 ms, found 0 plugins.
Preloading 0 native plugins for Editor in 0.00 ms.
Unloading 1782 Unused Serialized files (Serialized files now loaded: 0)
System memory in use before: 84.9 MB.
System memory in use after: 82.6 MB.

Unloading 111 unused Assets to reduce memory usage. Loaded Objects now: 2234.
Total: 6.059900 ms (FindLiveObjects: 0.250000 ms CreateObjectMapping: 0.154500 ms MarkObjects: 2.595400 ms  DeleteObjects: 3.058000 ms)

AssetImportWorkerClient::OnTransportError - code=2 error=End of file
